es6-react@1.0.0 F:\work\es6-react
+-- babel-core@6.16.0
| +-- babel-code-frame@6.16.0
| | +-- chalk@1.1.3
| | | +-- ansi-styles@2.2.1
| | | +-- escape-string-regexp@1.0.5
| | | +-- has-ansi@2.0.0
| | | | `-- ansi-regex@2.0.0
| | | +-- strip-ansi@3.0.1
| | | `-- supports-color@2.0.0
| | +-- esutils@2.0.2
| | `-- js-tokens@2.0.0
| +-- babel-generator@6.16.0
| | +-- detect-indent@3.0.1
| | | +-- get-stdin@4.0.1
| | | +-- minimist@1.2.0
| | | `-- repeating@1.1.3
| | |   `-- is-finite@1.0.2
| | |     `-- number-is-nan@1.0.1
| | `-- jsesc@1.3.0
| +-- babel-helpers@6.16.0
| +-- babel-messages@6.8.0
| +-- babel-register@6.16.3
| | +-- core-js@2.4.1
| | +-- home-or-tmp@1.0.0
| | | +-- os-tmpdir@1.0.2
| | | `-- user-home@1.1.1
| | `-- source-map-support@0.4.3
| +-- babel-runtime@6.11.6
| | +-- core-js@2.4.1
| | `-- regenerator-runtime@0.9.5
| +-- babel-template@6.16.0
| +-- babel-traverse@6.16.0
| | +-- globals@8.18.0
| | `-- invariant@2.2.1
| +-- babel-types@6.16.0
| | `-- to-fast-properties@1.0.2
| +-- babylon@6.11.2
| +-- convert-source-map@1.3.0
| +-- debug@2.2.0
| | `-- ms@0.7.1
| +-- json5@0.4.0
| +-- lodash@4.16.2
| +-- minimatch@3.0.3
| | `-- brace-expansion@1.1.6
| |   +-- balanced-match@0.4.2
| |   `-- concat-map@0.0.1
| +-- path-exists@1.0.0
| +-- path-is-absolute@1.0.1
| +-- private@0.1.6
| +-- shebang-regex@1.0.0
| +-- slash@1.0.0
| `-- source-map@0.5.6
+-- babel-loader@6.2.5
| +-- loader-utils@0.2.16
| | +-- big.js@3.1.3
| | +-- emojis-list@2.0.1
| | `-- json5@0.5.0
| +-- mkdirp@0.5.1
| | `-- minimist@0.0.8
| `-- object-assign@4.1.0
+-- babel-preset-es2015@6.16.0
| +-- babel-plugin-check-es2015-constants@6.8.0
| +-- babel-plugin-transform-es2015-arrow-functions@6.8.0
| +-- babel-plugin-transform-es2015-block-scoped-functions@6.8.0
| +-- babel-plugin-transform-es2015-block-scoping@6.15.0
| +-- babel-plugin-transform-es2015-classes@6.14.0
| | +-- babel-helper-define-map@6.9.0
| | +-- babel-helper-function-name@6.8.0
| | +-- babel-helper-optimise-call-expression@6.8.0
| | `-- babel-helper-replace-supers@6.16.0
| +-- babel-plugin-transform-es2015-computed-properties@6.8.0
| +-- babel-plugin-transform-es2015-destructuring@6.16.0
| +-- babel-plugin-transform-es2015-duplicate-keys@6.8.0
| +-- babel-plugin-transform-es2015-for-of@6.8.0
| +-- babel-plugin-transform-es2015-function-name@6.9.0
| +-- babel-plugin-transform-es2015-literals@6.8.0
| +-- babel-plugin-transform-es2015-modules-amd@6.8.0
| +-- babel-plugin-transform-es2015-modules-commonjs@6.16.0
| | `-- babel-plugin-transform-strict-mode@6.11.3
| +-- babel-plugin-transform-es2015-modules-systemjs@6.14.0
| | `-- babel-helper-hoist-variables@6.8.0
| +-- babel-plugin-transform-es2015-modules-umd@6.12.0
| +-- babel-plugin-transform-es2015-object-super@6.8.0
| +-- babel-plugin-transform-es2015-parameters@6.16.0
| | +-- babel-helper-call-delegate@6.8.0
| | `-- babel-helper-get-function-arity@6.8.0
| +-- babel-plugin-transform-es2015-shorthand-properties@6.8.0
| +-- babel-plugin-transform-es2015-spread@6.8.0
| +-- babel-plugin-transform-es2015-sticky-regex@6.8.0
| | `-- babel-helper-regex@6.9.0
| +-- babel-plugin-transform-es2015-template-literals@6.8.0
| +-- babel-plugin-transform-es2015-typeof-symbol@6.8.0
| +-- babel-plugin-transform-es2015-unicode-regex@6.11.0
| | `-- regexpu-core@2.0.0
| |   +-- regenerate@1.3.1
| |   +-- regjsgen@0.2.0
| |   `-- regjsparser@0.1.5
| |     `-- jsesc@0.5.0
| `-- babel-plugin-transform-regenerator@6.16.1
+-- babel-preset-react@6.16.0
| +-- babel-plugin-syntax-flow@6.13.0
| +-- babel-plugin-syntax-jsx@6.13.0
| +-- babel-plugin-transform-flow-strip-types@6.14.0
| +-- babel-plugin-transform-react-display-name@6.8.0
| +-- babel-plugin-transform-react-jsx@6.8.0
| | `-- babel-helper-builder-react-jsx@6.9.0
| +-- babel-plugin-transform-react-jsx-self@6.11.0
| `-- babel-plugin-transform-react-jsx-source@6.9.0
+-- react@15.3.2
| +-- fbjs@0.8.5
| | +-- core-js@1.2.7
| | +-- immutable@3.8.1
| | +-- isomorphic-fetch@2.2.1
| | | +-- node-fetch@1.6.3
| | | | +-- encoding@0.1.12
| | | | | `-- iconv-lite@0.4.13
| | | | `-- is-stream@1.1.0
| | | `-- whatwg-fetch@1.0.0
| | +-- promise@7.1.1
| | | `-- asap@2.0.5
| | `-- ua-parser-js@0.7.10
| `-- loose-envify@1.2.0
|   `-- js-tokens@1.0.3
+-- react-dom@15.3.2
`-- webpack@1.13.2
  +-- acorn@3.3.0
  +-- async@1.5.2
  +-- clone@1.0.2
  +-- enhanced-resolve@0.9.1
  | +-- graceful-fs@4.1.9
  | `-- memory-fs@0.2.0
  +-- interpret@0.6.6
  +-- memory-fs@0.3.0
  | +-- errno@0.1.4
  | | `-- prr@0.0.0
  | `-- readable-stream@2.1.5
  |   +-- buffer-shims@1.0.0
  |   +-- core-util-is@1.0.2
  |   +-- inherits@2.0.3
  |   +-- isarray@1.0.0
  |   +-- process-nextick-args@1.0.7
  |   `-- util-deprecate@1.0.2
  +-- node-libs-browser@0.6.0
  | +-- assert@1.4.1
  | +-- browserify-zlib@0.1.4
  | | `-- pako@0.2.9
  | +-- buffer@4.9.1
  | | +-- base64-js@1.2.0
  | | `-- ieee754@1.1.6
  | +-- console-browserify@1.1.0
  | | `-- date-now@0.1.4
  | +-- constants-browserify@0.0.1
  | +-- crypto-browserify@3.2.8
  | | +-- pbkdf2-compat@2.0.1
  | | +-- ripemd160@0.2.0
  | | `-- sha.js@2.2.6
  | +-- domain-browser@1.1.7
  | +-- events@1.1.1
  | +-- http-browserify@1.7.0
  | | `-- Base64@0.2.1
  | +-- https-browserify@0.0.0
  | +-- os-browserify@0.1.2
  | +-- path-browserify@0.0.0
  | +-- process@0.11.9
  | +-- punycode@1.4.1
  | +-- querystring-es3@0.2.1
  | +-- readable-stream@1.1.14
  | | `-- isarray@0.0.1
  | +-- stream-browserify@1.0.0
  | | `-- readable-stream@1.1.14
  | |   `-- isarray@0.0.1
  | +-- string_decoder@0.10.31
  | +-- timers-browserify@1.4.2
  | +-- tty-browserify@0.0.0
  | +-- url@0.10.3
  | | +-- punycode@1.3.2
  | | `-- querystring@0.2.0
  | +-- util@0.10.3
  | | `-- inherits@2.0.1
  | `-- vm-browserify@0.0.4
  |   `-- indexof@0.0.1
  +-- optimist@0.6.1
  | +-- minimist@0.0.10
  | `-- wordwrap@0.0.3
  +-- supports-color@3.1.2
  | `-- has-flag@1.0.0
  +-- tapable@0.1.10
  +-- uglify-js@2.6.4
  | +-- async@0.2.10
  | +-- uglify-to-browserify@1.0.2
  | `-- yargs@3.10.0
  |   +-- camelcase@1.2.1
  |   +-- cliui@2.1.0
  |   | +-- center-align@0.1.3
  |   | | +-- align-text@0.1.4
  |   | | | +-- longest@1.0.1
  |   | | | `-- repeat-string@1.5.4
  |   | | `-- lazy-cache@1.0.4
  |   | +-- right-align@0.1.3
  |   | `-- wordwrap@0.0.2
  |   +-- decamelize@1.2.0
  |   `-- window-size@0.1.0
  +-- watchpack@0.2.9
  | +-- async@0.9.2
  | `-- chokidar@1.6.0
  |   +-- anymatch@1.3.0
  |   | +-- arrify@1.0.1
  |   | `-- micromatch@2.3.11
  |   |   +-- arr-diff@2.0.0
  |   |   | `-- arr-flatten@1.0.1
  |   |   +-- array-unique@0.2.1
  |   |   +-- braces@1.8.5
  |   |   | +-- expand-range@1.8.2
  |   |   | | `-- fill-range@2.2.3
  |   |   | |   +-- is-number@2.1.0
  |   |   | |   +-- isobject@2.1.0
  |   |   | |   `-- randomatic@1.1.5
  |   |   | +-- preserve@0.2.0
  |   |   | `-- repeat-element@1.1.2
  |   |   +-- expand-brackets@0.1.5
  |   |   | `-- is-posix-bracket@0.1.1
  |   |   +-- extglob@0.3.2
  |   |   +-- filename-regex@2.0.0
  |   |   +-- kind-of@3.0.4
  |   |   | `-- is-buffer@1.1.4
  |   |   +-- normalize-path@2.0.1
  |   |   +-- object.omit@2.0.0
  |   |   | +-- for-own@0.1.4
  |   |   | | `-- for-in@0.1.6
  |   |   | `-- is-extendable@0.1.1
  |   |   +-- parse-glob@3.0.4
  |   |   | +-- glob-base@0.3.0
  |   |   | `-- is-dotfile@1.0.2
  |   |   `-- regex-cache@0.4.3
  |   |     +-- is-equal-shallow@0.1.3
  |   |     `-- is-primitive@2.0.0
  |   +-- async-each@1.0.1
  |   +-- UNMET OPTIONAL DEPENDENCY fsevents@^1.0.0
  |   +-- glob-parent@2.0.0
  |   +-- is-binary-path@1.0.1
  |   | `-- binary-extensions@1.6.0
  |   +-- is-glob@2.0.1
  |   | `-- is-extglob@1.0.0
  |   `-- readdirp@2.1.0
  |     `-- set-immediate-shim@1.0.1
  `-- webpack-core@0.6.8
    +-- source-list-map@0.1.6
    `-- source-map@0.4.4
      `-- amdefine@1.0.0

